<?xml version="1.0" encoding="UTF-8"?>
<testsuite xmlns:xsi="http://www.w3.org/2001/XMLSchema-instance" xsi:noNamespaceSchemaLocation="https://maven.apache.org/surefire/maven-surefire-plugin/xsd/surefire-test-report-3.0.xsd" version="3.0" name="com.solution.AllConceptsApplicationTests" time="50.601" tests="1" errors="0" skipped="0" failures="0">
  <properties>
[...]
</properties>
  <testcase name="contextLoads" classname="com.solution.AllConceptsApplicationTests" time="4.253">
    <system-out><![CDATA[12:30:43.885 [main] INFO org.springframework.test.context.support.AnnotationConfigContextLoaderUtils -- Could not detect default configuration classes for test class [com.solution.AllConceptsApplicationTests]: AllConceptsApplicationTests does not declare any static, non-private, non-final, nested classes annotated with @Configuration.
12:30:44.944 [main] INFO org.springframework.boot.test.context.SpringBootTestContextBootstrapper -- Found @SpringBootConfiguration com.solution.AllConceptsApplication for test class com.solution.AllConceptsApplicationTests
12:30:46.142 [main] INFO org.springframework.boot.devtools.restart.RestartApplicationListener -- Restart disabled due to context in which it is running

  .   ____          _            __ _ _
 /\\ / ___'_ __ _ _(_)_ __  __ _ \ \ \ \
( ( )\___ | '_ | '_| | '_ \/ _` | \ \ \ \
 \\/  ___)| |_)| | | | | || (_| |  ) ) ) )
  '  |____| .__|_| |_|_| |_\__, | / / / /
 =========|_|==============|___/=/_/_/_/

 :: Spring Boot ::                (v3.3.4)

2025-06-27T12:30:47.465+05:30  INFO 21920 --- [all-concepts] [           main] c.solution.AllConceptsApplicationTests   : Starting AllConceptsApplicationTests using Java 17.0.9 with PID 21920 (started by LPS in D:\june2025\all-concepts)
2025-06-27T12:30:47.469+05:30  INFO 21920 --- [all-concepts] [           main] c.solution.AllConceptsApplicationTests   : No active profile set, falling back to 1 default profile: "default"
2025-06-27T12:30:54.945+05:30  INFO 21920 --- [all-concepts] [           main] .s.d.r.c.RepositoryConfigurationDelegate : Bootstrapping Spring Data JPA repositories in DEFAULT mode.
2025-06-27T12:30:55.474+05:30  INFO 21920 --- [all-concepts] [           main] .s.d.r.c.RepositoryConfigurationDelegate : Finished Spring Data repository scanning in 486 ms. Found 3 JPA repository interfaces.
2025-06-27T12:31:01.955+05:30  INFO 21920 --- [all-concepts] [           main] o.hibernate.jpa.internal.util.LogHelper  : HHH000204: Processing PersistenceUnitInfo [name: default]
2025-06-27T12:31:02.569+05:30  INFO 21920 --- [all-concepts] [           main] org.hibernate.Version                    : HHH000412: Hibernate ORM core version 6.5.3.Final
2025-06-27T12:31:02.812+05:30  INFO 21920 --- [all-concepts] [           main] o.h.c.internal.RegionFactoryInitiator    : HHH000026: Second-level cache disabled
2025-06-27T12:31:04.823+05:30  INFO 21920 --- [all-concepts] [           main] o.s.o.j.p.SpringPersistenceUnitInfo      : No LoadTimeWeaver setup: ignoring JPA class transformer
2025-06-27T12:31:04.984+05:30  INFO 21920 --- [all-concepts] [           main] com.zaxxer.hikari.HikariDataSource       : HikariPool-1 - Starting...
2025-06-27T12:31:05.947+05:30  INFO 21920 --- [all-concepts] [           main] com.zaxxer.hikari.pool.HikariPool        : HikariPool-1 - Added connection conn0: url=jdbc:h2:file:e:/h2db/sampledb user=SA
2025-06-27T12:31:05.956+05:30  INFO 21920 --- [all-concepts] [           main] com.zaxxer.hikari.HikariDataSource       : HikariPool-1 - Start completed.
2025-06-27T12:31:06.071+05:30  WARN 21920 --- [all-concepts] [           main] org.hibernate.orm.deprecation            : HHH90000025: H2Dialect does not need to be specified explicitly using 'hibernate.dialect' (remove the property setting and it will be selected by default)
2025-06-27T12:31:10.060+05:30  INFO 21920 --- [all-concepts] [           main] o.h.e.t.j.p.i.JtaPlatformInitiator       : HHH000489: No JTA platform available (set 'hibernate.transaction.jta.platform' to enable JTA platform integration)
Hibernate: create table computers (cno integer not null, brand varchar(255), cpu varchar(255), disksize varchar(255), price float(53), ram varchar(255), primary key (cno))
Hibernate: create table departments (dno integer not null, dname varchar(255), primary key (dno))
Hibernate: create table employees (empno integer not null, city varchar(255), name varchar(255), dno integer, primary key (empno))
Hibernate: create table users (username varchar(255) not null, password varchar(255), primary key (username))
Hibernate: alter table if exists employees add constraint FKkn3y2qn4vn54p39f7139v7v8n foreign key (dno) references departments
2025-06-27T12:31:10.324+05:30  INFO 21920 --- [all-concepts] [           main] j.LocalContainerEntityManagerFactoryBean : Initialized JPA EntityManagerFactory for persistence unit 'default'
2025-06-27T12:31:13.781+05:30  INFO 21920 --- [all-concepts] [           main] eAuthenticationProviderManagerConfigurer : Global AuthenticationManager configured with AuthenticationProvider bean with name authenticationProvider
2025-06-27T12:31:13.783+05:30  WARN 21920 --- [all-concepts] [           main] r$InitializeUserDetailsManagerConfigurer : Global AuthenticationManager configured with an AuthenticationProvider bean. UserDetailsService beans will not be used for username/password login. Consider removing the AuthenticationProvider bean. Alternatively, consider using the UserDetailsService in a manually instantiated DaoAuthenticationProvider.
2025-06-27T12:31:14.231+05:30  INFO 21920 --- [all-concepts] [           main] o.s.d.j.r.query.QueryEnhancerFactory     : Hibernate is in classpath; If applicable, HQL parser will be used.
2025-06-27T12:31:19.015+05:30  WARN 21920 --- [all-concepts] [           main] JpaBaseConfiguration$JpaWebConfiguration : spring.jpa.open-in-view is enabled by default. Therefore, database queries may be performed during view rendering. Explicitly configure spring.jpa.open-in-view to disable this warning
2025-06-27T12:31:22.625+05:30  INFO 21920 --- [all-concepts] [           main] o.s.b.a.e.web.EndpointLinksResolver      : Exposing 14 endpoints beneath base path '/actuator'
2025-06-27T12:31:27.712+05:30  INFO 21920 --- [all-concepts] [           main] o.s.b.a.h2.H2ConsoleAutoConfiguration    : H2 console available at '/h2-console'. Database available at 'jdbc:h2:file:e:/h2db/sampledb'
2025-06-27T12:31:28.599+05:30  INFO 21920 --- [all-concepts] [           main] c.solution.AllConceptsApplicationTests   : Started AllConceptsApplicationTests in 42.508 seconds (process running for 50.446)
]]></system-out>
  </testcase>
</testsuite>